CRITICAL - 2024-10-15 00:33:52 --> Error: Undefined constant "CodeIgniter\Database\MySQLi\MYSQLI_STORE_RESULT"
[Method: CLI, Route: migrate:refresh]
in SYSTEMPATH\Database\Database.php on line 143.
 1 SYSTEMPATH\Database\Database.php(61): CodeIgniter\Database\Database->initDriver()
 2 SYSTEMPATH\Database\Config.php(84): CodeIgniter\Database\Database->load()
 3 SYSTEMPATH\Common.php(361): CodeIgniter\Database\Config::connect()
 4 SYSTEMPATH\Database\MigrationRunner.php(146): db_connect()
 5 SYSTEMPATH\Config\Services.php(421): CodeIgniter\Database\MigrationRunner->__construct()
 6 SYSTEMPATH\Config\BaseService.php(312): CodeIgniter\Config\Services::migrations()
 7 SYSTEMPATH\Config\BaseService.php(251): CodeIgniter\Config\BaseService::__callStatic()
 8 SYSTEMPATH\Config\Services.php(416): CodeIgniter\Config\BaseService::getSharedInstance()
 9 SYSTEMPATH\Config\BaseService.php(321): CodeIgniter\Config\Services::migrations()
10 SYSTEMPATH\Config\BaseService.php(202): CodeIgniter\Config\BaseService::__callStatic()
11 SYSTEMPATH\Common.php(998): CodeIgniter\Config\BaseService::get()
12 SYSTEMPATH\Commands\Database\MigrateRollback.php(83): service()
13 SYSTEMPATH\CLI\Commands.php(70): CodeIgniter\Commands\Database\MigrateRollback->run()
14 SYSTEMPATH\CLI\BaseCommand.php(119): CodeIgniter\CLI\Commands->run()
15 SYSTEMPATH\Commands\Database\MigrateRefresh.php(86): CodeIgniter\CLI\BaseCommand->call()
16 SYSTEMPATH\CLI\Commands.php(70): CodeIgniter\Commands\Database\MigrateRefresh->run()
17 SYSTEMPATH\CLI\Console.php(48): CodeIgniter\CLI\Commands->run()
18 SYSTEMPATH\Boot.php(351): CodeIgniter\CLI\Console->run()
19 SYSTEMPATH\Boot.php(104): CodeIgniter\Boot::runCommand()
20 ROOTPATH\spark(84): CodeIgniter\Boot::bootSpark()
CRITICAL - 2024-10-15 00:37:47 --> Error: Undefined constant "CodeIgniter\Database\MySQLi\MYSQLI_STORE_RESULT"
[Method: CLI, Route: migrate]
in SYSTEMPATH\Database\Database.php on line 143.
 1 SYSTEMPATH\Database\Database.php(61): CodeIgniter\Database\Database->initDriver()
 2 SYSTEMPATH\Database\Config.php(84): CodeIgniter\Database\Database->load()
 3 SYSTEMPATH\Common.php(361): CodeIgniter\Database\Config::connect()
 4 SYSTEMPATH\Database\MigrationRunner.php(146): db_connect()
 5 SYSTEMPATH\Config\Services.php(421): CodeIgniter\Database\MigrationRunner->__construct()
 6 SYSTEMPATH\Config\BaseService.php(312): CodeIgniter\Config\Services::migrations()
 7 SYSTEMPATH\Config\BaseService.php(251): CodeIgniter\Config\BaseService::__callStatic()
 8 SYSTEMPATH\Config\Services.php(416): CodeIgniter\Config\BaseService::getSharedInstance()
 9 SYSTEMPATH\Config\BaseService.php(321): CodeIgniter\Config\Services::migrations()
10 SYSTEMPATH\Config\BaseService.php(202): CodeIgniter\Config\BaseService::__callStatic()
11 SYSTEMPATH\Common.php(998): CodeIgniter\Config\BaseService::get()
12 SYSTEMPATH\Commands\Database\Migrate.php(70): service()
13 SYSTEMPATH\CLI\Commands.php(70): CodeIgniter\Commands\Database\Migrate->run()
14 SYSTEMPATH\CLI\Console.php(48): CodeIgniter\CLI\Commands->run()
15 SYSTEMPATH\Boot.php(351): CodeIgniter\CLI\Console->run()
16 SYSTEMPATH\Boot.php(104): CodeIgniter\Boot::runCommand()
17 ROOTPATH\spark(84): CodeIgniter\Boot::bootSpark()
ERROR - 2024-10-15 00:57:43 --> Error connecting to the database: mysqli_sql_exception: Unknown database 'dashboard' in C:\Users\Isabella\Documents\development\U-TEST\system\Database\MySQLi\Connection.php:187
Stack trace:
#0 C:\Users\Isabella\Documents\development\U-TEST\system\Database\MySQLi\Connection.php(187): mysqli->real_connect('127.0.0.1', 'root', '', 'Dashboard', 3306, '', 0)
#1 C:\Users\Isabella\Documents\development\U-TEST\system\Database\BaseConnection.php(421): CodeIgniter\Database\MySQLi\Connection->connect(false)
#2 C:\Users\Isabella\Documents\development\U-TEST\system\Database\BaseConnection.php(616): CodeIgniter\Database\BaseConnection->initialize()
#3 C:\Users\Isabella\Documents\development\U-TEST\system\Database\BaseConnection.php(1485): CodeIgniter\Database\BaseConnection->query('SHOW TABLES FRO...')
#4 C:\Users\Isabella\Documents\development\U-TEST\system\Database\BaseConnection.php(1505): CodeIgniter\Database\BaseConnection->listTables()
#5 C:\Users\Isabella\Documents\development\U-TEST\system\Database\MigrationRunner.php(759): CodeIgniter\Database\BaseConnection->tableExists('migrations')
#6 C:\Users\Isabella\Documents\development\U-TEST\system\Database\MigrationRunner.php(163): CodeIgniter\Database\MigrationRunner->ensureTable()
#7 C:\Users\Isabella\Documents\development\U-TEST\system\Commands\Database\Migrate.php(85): CodeIgniter\Database\MigrationRunner->latest(NULL)
#8 C:\Users\Isabella\Documents\development\U-TEST\system\CLI\Commands.php(70): CodeIgniter\Commands\Database\Migrate->run(Array)
#9 C:\Users\Isabella\Documents\development\U-TEST\system\CLI\Console.php(48): CodeIgniter\CLI\Commands->run('migrate', Array)
#10 C:\Users\Isabella\Documents\development\U-TEST\system\Boot.php(351): CodeIgniter\CLI\Console->run()
#11 C:\Users\Isabella\Documents\development\U-TEST\system\Boot.php(104): CodeIgniter\Boot::runCommand(Object(CodeIgniter\CLI\Console))
#12 C:\Users\Isabella\Documents\development\U-TEST\spark(84): CodeIgniter\Boot::bootSpark(Object(Config\Paths))
#13 {main}

Next CodeIgniter\Database\Exceptions\DatabaseException: Unknown database 'dashboard' in C:\Users\Isabella\Documents\development\U-TEST\system\Database\MySQLi\Connection.php:231
Stack trace:
#0 C:\Users\Isabella\Documents\development\U-TEST\system\Database\BaseConnection.php(421): CodeIgniter\Database\MySQLi\Connection->connect(false)
#1 C:\Users\Isabella\Documents\development\U-TEST\system\Database\BaseConnection.php(616): CodeIgniter\Database\BaseConnection->initialize()
#2 C:\Users\Isabella\Documents\development\U-TEST\system\Database\BaseConnection.php(1485): CodeIgniter\Database\BaseConnection->query('SHOW TABLES FRO...')
#3 C:\Users\Isabella\Documents\development\U-TEST\system\Database\BaseConnection.php(1505): CodeIgniter\Database\BaseConnection->listTables()
#4 C:\Users\Isabella\Documents\development\U-TEST\system\Database\MigrationRunner.php(759): CodeIgniter\Database\BaseConnection->tableExists('migrations')
#5 C:\Users\Isabella\Documents\development\U-TEST\system\Database\MigrationRunner.php(163): CodeIgniter\Database\MigrationRunner->ensureTable()
#6 C:\Users\Isabella\Documents\development\U-TEST\system\Commands\Database\Migrate.php(85): CodeIgniter\Database\MigrationRunner->latest(NULL)
#7 C:\Users\Isabella\Documents\development\U-TEST\system\CLI\Commands.php(70): CodeIgniter\Commands\Database\Migrate->run(Array)
#8 C:\Users\Isabella\Documents\development\U-TEST\system\CLI\Console.php(48): CodeIgniter\CLI\Commands->run('migrate', Array)
#9 C:\Users\Isabella\Documents\development\U-TEST\system\Boot.php(351): CodeIgniter\CLI\Console->run()
#10 C:\Users\Isabella\Documents\development\U-TEST\system\Boot.php(104): CodeIgniter\Boot::runCommand(Object(CodeIgniter\CLI\Console))
#11 C:\Users\Isabella\Documents\development\U-TEST\spark(84): CodeIgniter\Boot::bootSpark(Object(Config\Paths))
#12 {main}
CRITICAL - 2024-10-15 22:32:16 --> ParseError: syntax error, unexpected token "return"
[Method: GET, Route: /]
in APPPATH\Controllers\Dashboard.php on line 15.
 1 SYSTEMPATH\Autoloader\Autoloader.php(296): CodeIgniter\Autoloader\Autoloader->includeFile('C:\\Users\\Isabella\\Documents\\development\\U-TEST\\app\\Controllers\\Dashboard.php')
 2 SYSTEMPATH\Autoloader\Autoloader.php(272): CodeIgniter\Autoloader\Autoloader->loadInNamespace('App\\Controllers\\Dashboard')
 3 [internal function]: CodeIgniter\Autoloader\Autoloader->loadClass('App\\Controllers\\Dashboard')
 4 SYSTEMPATH\CodeIgniter.php(887): class_exists('\\App\\Controllers\\Dashboard', true)
 5 SYSTEMPATH\CodeIgniter.php(496): CodeIgniter\CodeIgniter->startController()
 6 SYSTEMPATH\CodeIgniter.php(355): CodeIgniter\CodeIgniter->handleRequest(null, Object(Config\Cache), false)
 7 SYSTEMPATH\Boot.php(325): CodeIgniter\CodeIgniter->run()
 8 SYSTEMPATH\Boot.php(67): CodeIgniter\Boot::runCodeIgniter(Object(CodeIgniter\CodeIgniter))
 9 FCPATH\index.php(56): CodeIgniter\Boot::bootWeb(Object(Config\Paths))
10 SYSTEMPATH\rewrite.php(44): require_once('C:\\Users\\Isabella\\Documents\\development\\U-TEST\\public\\index.php')
CRITICAL - 2024-10-15 22:33:18 --> ParseError: syntax error, unexpected token "return"
[Method: GET, Route: /]
in APPPATH\Controllers\Dashboard.php on line 15.
 1 SYSTEMPATH\Autoloader\Autoloader.php(296): CodeIgniter\Autoloader\Autoloader->includeFile('C:\\Users\\Isabella\\Documents\\development\\U-TEST\\app\\Controllers\\Dashboard.php')
 2 SYSTEMPATH\Autoloader\Autoloader.php(272): CodeIgniter\Autoloader\Autoloader->loadInNamespace('App\\Controllers\\Dashboard')
 3 [internal function]: CodeIgniter\Autoloader\Autoloader->loadClass('App\\Controllers\\Dashboard')
 4 SYSTEMPATH\CodeIgniter.php(887): class_exists('\\App\\Controllers\\Dashboard', true)
 5 SYSTEMPATH\CodeIgniter.php(496): CodeIgniter\CodeIgniter->startController()
 6 SYSTEMPATH\CodeIgniter.php(355): CodeIgniter\CodeIgniter->handleRequest(null, Object(Config\Cache), false)
 7 SYSTEMPATH\Boot.php(325): CodeIgniter\CodeIgniter->run()
 8 SYSTEMPATH\Boot.php(67): CodeIgniter\Boot::runCodeIgniter(Object(CodeIgniter\CodeIgniter))
 9 FCPATH\index.php(56): CodeIgniter\Boot::bootWeb(Object(Config\Paths))
10 SYSTEMPATH\rewrite.php(44): require_once('C:\\Users\\Isabella\\Documents\\development\\U-TEST\\public\\index.php')
CRITICAL - 2024-10-15 22:35:43 --> Error: Class "Codeigniter\Model" not found
[Method: GET, Route: /]
in APPPATH\Models\CustomersModel.php on line 7.
 1 SYSTEMPATH\Autoloader\Autoloader.php(317): include_once()
 2 SYSTEMPATH\Autoloader\Autoloader.php(296): CodeIgniter\Autoloader\Autoloader->includeFile('C:\\Users\\Isabella\\Documents\\development\\U-TEST\\app\\Models\\CustomersModel.php')
 3 SYSTEMPATH\Autoloader\Autoloader.php(272): CodeIgniter\Autoloader\Autoloader->loadInNamespace('App\\Models\\CustomersModel')
 4 APPPATH\Controllers\Dashboard.php(11): CodeIgniter\Autoloader\Autoloader->loadClass('App\\Models\\CustomersModel')
 5 SYSTEMPATH\CodeIgniter.php(933): App\Controllers\Dashboard->index()
 6 SYSTEMPATH\CodeIgniter.php(509): CodeIgniter\CodeIgniter->runController(Object(App\Controllers\Dashboard))
 7 SYSTEMPATH\CodeIgniter.php(355): CodeIgniter\CodeIgniter->handleRequest(null, Object(Config\Cache), false)
 8 SYSTEMPATH\Boot.php(325): CodeIgniter\CodeIgniter->run()
 9 SYSTEMPATH\Boot.php(67): CodeIgniter\Boot::runCodeIgniter(Object(CodeIgniter\CodeIgniter))
10 FCPATH\index.php(56): CodeIgniter\Boot::bootWeb(Object(Config\Paths))
11 SYSTEMPATH\rewrite.php(44): require_once('C:\\Users\\Isabella\\Documents\\development\\U-TEST\\public\\index.php')
CRITICAL - 2024-10-15 22:35:45 --> Error: Class "Codeigniter\Model" not found
[Method: GET, Route: /]
in APPPATH\Models\CustomersModel.php on line 7.
 1 SYSTEMPATH\Autoloader\Autoloader.php(317): include_once()
 2 SYSTEMPATH\Autoloader\Autoloader.php(296): CodeIgniter\Autoloader\Autoloader->includeFile('C:\\Users\\Isabella\\Documents\\development\\U-TEST\\app\\Models\\CustomersModel.php')
 3 SYSTEMPATH\Autoloader\Autoloader.php(272): CodeIgniter\Autoloader\Autoloader->loadInNamespace('App\\Models\\CustomersModel')
 4 APPPATH\Controllers\Dashboard.php(11): CodeIgniter\Autoloader\Autoloader->loadClass('App\\Models\\CustomersModel')
 5 SYSTEMPATH\CodeIgniter.php(933): App\Controllers\Dashboard->index()
 6 SYSTEMPATH\CodeIgniter.php(509): CodeIgniter\CodeIgniter->runController(Object(App\Controllers\Dashboard))
 7 SYSTEMPATH\CodeIgniter.php(355): CodeIgniter\CodeIgniter->handleRequest(null, Object(Config\Cache), false)
 8 SYSTEMPATH\Boot.php(325): CodeIgniter\CodeIgniter->run()
 9 SYSTEMPATH\Boot.php(67): CodeIgniter\Boot::runCodeIgniter(Object(CodeIgniter\CodeIgniter))
10 FCPATH\index.php(56): CodeIgniter\Boot::bootWeb(Object(Config\Paths))
11 SYSTEMPATH\rewrite.php(44): require_once('C:\\Users\\Isabella\\Documents\\development\\U-TEST\\public\\index.php')
CRITICAL - 2024-10-15 22:35:54 --> CodeIgniter\View\Exceptions\ViewException: Invalid file: "Customer/List.php"
[Method: GET, Route: /]
in SYSTEMPATH\Exceptions\FrameworkException.php on line 41.
 1 SYSTEMPATH\View\View.php(222): CodeIgniter\Exceptions\FrameworkException::forInvalidFile('Customer/List.php')
 2 SYSTEMPATH\Common.php(1171): CodeIgniter\View\View->render('Customer/List', [], true)
 3 APPPATH\Controllers\Dashboard.php(15): view('Customer/List', [])
 4 SYSTEMPATH\CodeIgniter.php(933): App\Controllers\Dashboard->index()
 5 SYSTEMPATH\CodeIgniter.php(509): CodeIgniter\CodeIgniter->runController(Object(App\Controllers\Dashboard))
 6 SYSTEMPATH\CodeIgniter.php(355): CodeIgniter\CodeIgniter->handleRequest(null, Object(Config\Cache), false)
 7 SYSTEMPATH\Boot.php(325): CodeIgniter\CodeIgniter->run()
 8 SYSTEMPATH\Boot.php(67): CodeIgniter\Boot::runCodeIgniter(Object(CodeIgniter\CodeIgniter))
 9 FCPATH\index.php(56): CodeIgniter\Boot::bootWeb(Object(Config\Paths))
10 SYSTEMPATH\rewrite.php(44): require_once('C:\\Users\\Isabella\\Documents\\development\\U-TEST\\public\\index.php')
CRITICAL - 2024-10-15 22:35:56 --> CodeIgniter\View\Exceptions\ViewException: Invalid file: "Customer/List.php"
[Method: GET, Route: /]
in SYSTEMPATH\Exceptions\FrameworkException.php on line 41.
 1 SYSTEMPATH\View\View.php(222): CodeIgniter\Exceptions\FrameworkException::forInvalidFile('Customer/List.php')
 2 SYSTEMPATH\Common.php(1171): CodeIgniter\View\View->render('Customer/List', [], true)
 3 APPPATH\Controllers\Dashboard.php(15): view('Customer/List', [])
 4 SYSTEMPATH\CodeIgniter.php(933): App\Controllers\Dashboard->index()
 5 SYSTEMPATH\CodeIgniter.php(509): CodeIgniter\CodeIgniter->runController(Object(App\Controllers\Dashboard))
 6 SYSTEMPATH\CodeIgniter.php(355): CodeIgniter\CodeIgniter->handleRequest(null, Object(Config\Cache), false)
 7 SYSTEMPATH\Boot.php(325): CodeIgniter\CodeIgniter->run()
 8 SYSTEMPATH\Boot.php(67): CodeIgniter\Boot::runCodeIgniter(Object(CodeIgniter\CodeIgniter))
 9 FCPATH\index.php(56): CodeIgniter\Boot::bootWeb(Object(Config\Paths))
10 SYSTEMPATH\rewrite.php(44): require_once('C:\\Users\\Isabella\\Documents\\development\\U-TEST\\public\\index.php')
CRITICAL - 2024-10-15 22:39:21 --> TypeError: App\Controllers\Dashboard::index(): Return value must be of type array, string returned
[Method: GET, Route: /]
in APPPATH\Controllers\Dashboard.php on line 15.
 1 SYSTEMPATH\CodeIgniter.php(933): App\Controllers\Dashboard->index()
 2 SYSTEMPATH\CodeIgniter.php(509): CodeIgniter\CodeIgniter->runController(Object(App\Controllers\Dashboard))
 3 SYSTEMPATH\CodeIgniter.php(355): CodeIgniter\CodeIgniter->handleRequest(null, Object(Config\Cache), false)
 4 SYSTEMPATH\Boot.php(325): CodeIgniter\CodeIgniter->run()
 5 SYSTEMPATH\Boot.php(67): CodeIgniter\Boot::runCodeIgniter(Object(CodeIgniter\CodeIgniter))
 6 FCPATH\index.php(56): CodeIgniter\Boot::bootWeb(Object(Config\Paths))
 7 SYSTEMPATH\rewrite.php(44): require_once('C:\\Users\\Isabella\\Documents\\development\\U-TEST\\public\\index.php')
CRITICAL - 2024-10-15 22:39:27 --> TypeError: App\Controllers\Dashboard::index(): Return value must be of type array, string returned
[Method: GET, Route: /]
in APPPATH\Controllers\Dashboard.php on line 15.
 1 SYSTEMPATH\CodeIgniter.php(933): App\Controllers\Dashboard->index()
 2 SYSTEMPATH\CodeIgniter.php(509): CodeIgniter\CodeIgniter->runController(Object(App\Controllers\Dashboard))
 3 SYSTEMPATH\CodeIgniter.php(355): CodeIgniter\CodeIgniter->handleRequest(null, Object(Config\Cache), false)
 4 SYSTEMPATH\Boot.php(325): CodeIgniter\CodeIgniter->run()
 5 SYSTEMPATH\Boot.php(67): CodeIgniter\Boot::runCodeIgniter(Object(CodeIgniter\CodeIgniter))
 6 FCPATH\index.php(56): CodeIgniter\Boot::bootWeb(Object(Config\Paths))
 7 SYSTEMPATH\rewrite.php(44): require_once('C:\\Users\\Isabella\\Documents\\development\\U-TEST\\public\\index.php')
CRITICAL - 2024-10-15 22:43:28 --> ParseError: syntax error, unexpected token "?"
[Method: GET, Route: /]
in APPPATH\Views\Dashboard.php on line 8.
 1 SYSTEMPATH\View\View.php(237): CodeIgniter\View\View->CodeIgniter\View\{closure}()
 2 SYSTEMPATH\View\View.php(250): CodeIgniter\View\View->render('Dashboard', [], true)
 3 SYSTEMPATH\Common.php(1171): CodeIgniter\View\View->render('Customers/List', [], true)
 4 APPPATH\Controllers\Dashboard.php(15): view('Customers/List', [])
 5 SYSTEMPATH\CodeIgniter.php(933): App\Controllers\Dashboard->index()
 6 SYSTEMPATH\CodeIgniter.php(509): CodeIgniter\CodeIgniter->runController(Object(App\Controllers\Dashboard))
 7 SYSTEMPATH\CodeIgniter.php(355): CodeIgniter\CodeIgniter->handleRequest(null, Object(Config\Cache), false)
 8 SYSTEMPATH\Boot.php(325): CodeIgniter\CodeIgniter->run()
 9 SYSTEMPATH\Boot.php(67): CodeIgniter\Boot::runCodeIgniter(Object(CodeIgniter\CodeIgniter))
10 FCPATH\index.php(56): CodeIgniter\Boot::bootWeb(Object(Config\Paths))
11 SYSTEMPATH\rewrite.php(44): require_once('C:\\Users\\Isabella\\Documents\\development\\U-TEST\\public\\index.php')
CRITICAL - 2024-10-15 22:43:44 --> ParseError: syntax error, unexpected token ">", expecting end of file
[Method: GET, Route: /]
in APPPATH\Views\Dashboard.php on line 8.
 1 SYSTEMPATH\View\View.php(237): CodeIgniter\View\View->CodeIgniter\View\{closure}()
 2 SYSTEMPATH\View\View.php(250): CodeIgniter\View\View->render('Dashboard', [], true)
 3 SYSTEMPATH\Common.php(1171): CodeIgniter\View\View->render('Customers/List', [], true)
 4 APPPATH\Controllers\Dashboard.php(15): view('Customers/List', [])
 5 SYSTEMPATH\CodeIgniter.php(933): App\Controllers\Dashboard->index()
 6 SYSTEMPATH\CodeIgniter.php(509): CodeIgniter\CodeIgniter->runController(Object(App\Controllers\Dashboard))
 7 SYSTEMPATH\CodeIgniter.php(355): CodeIgniter\CodeIgniter->handleRequest(null, Object(Config\Cache), false)
 8 SYSTEMPATH\Boot.php(325): CodeIgniter\CodeIgniter->run()
 9 SYSTEMPATH\Boot.php(67): CodeIgniter\Boot::runCodeIgniter(Object(CodeIgniter\CodeIgniter))
10 FCPATH\index.php(56): CodeIgniter\Boot::bootWeb(Object(Config\Paths))
11 SYSTEMPATH\rewrite.php(44): require_once('C:\\Users\\Isabella\\Documents\\development\\U-TEST\\public\\index.php')
CRITICAL - 2024-10-15 22:43:56 --> ParseError: syntax error, unexpected double-quoted string ">", expecting "," or ";"
[Method: GET, Route: /]
in APPPATH\Views\Dashboard.php on line 9.
 1 SYSTEMPATH\View\View.php(237): CodeIgniter\View\View->CodeIgniter\View\{closure}()
 2 SYSTEMPATH\View\View.php(250): CodeIgniter\View\View->render('Dashboard', [], true)
 3 SYSTEMPATH\Common.php(1171): CodeIgniter\View\View->render('Customers/List', [], true)
 4 APPPATH\Controllers\Dashboard.php(15): view('Customers/List', [])
 5 SYSTEMPATH\CodeIgniter.php(933): App\Controllers\Dashboard->index()
 6 SYSTEMPATH\CodeIgniter.php(509): CodeIgniter\CodeIgniter->runController(Object(App\Controllers\Dashboard))
 7 SYSTEMPATH\CodeIgniter.php(355): CodeIgniter\CodeIgniter->handleRequest(null, Object(Config\Cache), false)
 8 SYSTEMPATH\Boot.php(325): CodeIgniter\CodeIgniter->run()
 9 SYSTEMPATH\Boot.php(67): CodeIgniter\Boot::runCodeIgniter(Object(CodeIgniter\CodeIgniter))
10 FCPATH\index.php(56): CodeIgniter\Boot::bootWeb(Object(Config\Paths))
11 SYSTEMPATH\rewrite.php(44): require_once('C:\\Users\\Isabella\\Documents\\development\\U-TEST\\public\\index.php')
CRITICAL - 2024-10-15 22:51:46 --> ParseError: syntax error, unexpected double-quoted string " alt=", expecting "," or ";"
[Method: GET, Route: /]
in APPPATH\Views\Dashboard.php on line 16.
 1 SYSTEMPATH\View\View.php(237): CodeIgniter\View\View->CodeIgniter\View\{closure}()
 2 SYSTEMPATH\View\View.php(250): CodeIgniter\View\View->render('Dashboard', [], true)
 3 SYSTEMPATH\Common.php(1171): CodeIgniter\View\View->render('Customers/List', [], true)
 4 APPPATH\Controllers\Dashboard.php(15): view('Customers/List', [])
 5 SYSTEMPATH\CodeIgniter.php(933): App\Controllers\Dashboard->index()
 6 SYSTEMPATH\CodeIgniter.php(509): CodeIgniter\CodeIgniter->runController(Object(App\Controllers\Dashboard))
 7 SYSTEMPATH\CodeIgniter.php(355): CodeIgniter\CodeIgniter->handleRequest(null, Object(Config\Cache), false)
 8 SYSTEMPATH\Boot.php(325): CodeIgniter\CodeIgniter->run()
 9 SYSTEMPATH\Boot.php(67): CodeIgniter\Boot::runCodeIgniter(Object(CodeIgniter\CodeIgniter))
10 FCPATH\index.php(56): CodeIgniter\Boot::bootWeb(Object(Config\Paths))
11 SYSTEMPATH\rewrite.php(44): require_once('C:\\Users\\Isabella\\Documents\\development\\U-TEST\\public\\index.php')
CRITICAL - 2024-10-15 22:51:47 --> ParseError: syntax error, unexpected double-quoted string " alt=", expecting "," or ";"
[Method: GET, Route: /]
in APPPATH\Views\Dashboard.php on line 16.
 1 SYSTEMPATH\View\View.php(237): CodeIgniter\View\View->CodeIgniter\View\{closure}()
 2 SYSTEMPATH\View\View.php(250): CodeIgniter\View\View->render('Dashboard', [], true)
 3 SYSTEMPATH\Common.php(1171): CodeIgniter\View\View->render('Customers/List', [], true)
 4 APPPATH\Controllers\Dashboard.php(15): view('Customers/List', [])
 5 SYSTEMPATH\CodeIgniter.php(933): App\Controllers\Dashboard->index()
 6 SYSTEMPATH\CodeIgniter.php(509): CodeIgniter\CodeIgniter->runController(Object(App\Controllers\Dashboard))
 7 SYSTEMPATH\CodeIgniter.php(355): CodeIgniter\CodeIgniter->handleRequest(null, Object(Config\Cache), false)
 8 SYSTEMPATH\Boot.php(325): CodeIgniter\CodeIgniter->run()
 9 SYSTEMPATH\Boot.php(67): CodeIgniter\Boot::runCodeIgniter(Object(CodeIgniter\CodeIgniter))
10 FCPATH\index.php(56): CodeIgniter\Boot::bootWeb(Object(Config\Paths))
11 SYSTEMPATH\rewrite.php(44): require_once('C:\\Users\\Isabella\\Documents\\development\\U-TEST\\public\\index.php')
